line:44 - [INFO][2020-11-29 17:11:18] org.hibernate.Version: - HHH000412: Hibernate ORM core version 5.4.22.Final
line:49 - [INFO][2020-11-29 17:11:19] org.hibernate.annotations.common.Version: - HCANN000001: Hibernate Commons Annotations {5.1.0.Final}
line:115 - [INFO][2020-11-29 17:11:19] org.hibernate.orm.connections.pooling: - HHH10001005: using driver [com.mysql.jdbc.Driver] at URL [jdbc:mysql://localhost:3306/people_db?serverTimezone=Europe/Moscow]
line:124 - [INFO][2020-11-29 17:11:19] org.hibernate.orm.connections.pooling: - HHH10001001: Connection properties: {password=****, user=root}
line:129 - [INFO][2020-11-29 17:11:19] org.hibernate.orm.connections.pooling: - HHH10001003: Autocommit mode: false
line:249 - [INFO][2020-11-29 17:11:19] engine.jdbc.connections.internal.DriverManagerConnectionProviderImpl: - HHH000115: Hibernate connection pool size: 100 (min=1)
line:170 - [INFO][2020-11-29 17:11:20] org.hibernate.dialect.Dialect: - HHH000400: Using dialect: org.hibernate.dialect.MySQL8Dialect
line:44 - [INFO][2020-12-13 17:38:16] org.hibernate.Version: - HHH000412: Hibernate ORM core version 5.4.22.Final
line:49 - [INFO][2020-12-13 17:38:17] org.hibernate.annotations.common.Version: - HCANN000001: Hibernate Commons Annotations {5.1.0.Final}
line:115 - [INFO][2020-12-13 17:38:17] org.hibernate.orm.connections.pooling: - HHH10001005: using driver [org.postgresql.Driver] at URL [jdbc:postgresql://localhost:5432/people_db_hibernate]
line:124 - [INFO][2020-12-13 17:38:17] org.hibernate.orm.connections.pooling: - HHH10001001: Connection properties: {password=****, user=artem}
line:129 - [INFO][2020-12-13 17:38:17] org.hibernate.orm.connections.pooling: - HHH10001003: Autocommit mode: false
line:249 - [INFO][2020-12-13 17:38:17] engine.jdbc.connections.internal.DriverManagerConnectionProviderImpl: - HHH000115: Hibernate connection pool size: 100 (min=1)
line:170 - [INFO][2020-12-13 17:38:18] org.hibernate.dialect.Dialect: - HHH000400: Using dialect: org.hibernate.dialect.PostgreSQL10Dialect
line:52 - [INFO][2020-12-13 17:38:18] transaction.jta.platform.internal.JtaPlatformInitiator: - HHH000490: Using JtaPlatform implementation: [org.hibernate.engine.transaction.jta.platform.internal.NoJtaPlatform]
line:44 - [INFO][2020-12-13 17:41:39] org.hibernate.Version: - HHH000412: Hibernate ORM core version 5.4.22.Final
line:49 - [INFO][2020-12-13 17:41:40] org.hibernate.annotations.common.Version: - HCANN000001: Hibernate Commons Annotations {5.1.0.Final}
line:115 - [INFO][2020-12-13 17:41:40] org.hibernate.orm.connections.pooling: - HHH10001005: using driver [org.postgresql.Driver] at URL [jdbc:postgresql://localhost:5432/people_db_hibernate]
line:124 - [INFO][2020-12-13 17:41:40] org.hibernate.orm.connections.pooling: - HHH10001001: Connection properties: {password=****, user=artem}
line:129 - [INFO][2020-12-13 17:41:40] org.hibernate.orm.connections.pooling: - HHH10001003: Autocommit mode: false
line:249 - [INFO][2020-12-13 17:41:40] engine.jdbc.connections.internal.DriverManagerConnectionProviderImpl: - HHH000115: Hibernate connection pool size: 100 (min=1)
line:170 - [INFO][2020-12-13 17:41:40] org.hibernate.dialect.Dialect: - HHH000400: Using dialect: org.hibernate.dialect.PostgreSQL10Dialect
line:52 - [INFO][2020-12-13 17:41:41] transaction.jta.platform.internal.JtaPlatformInitiator: - HHH000490: Using JtaPlatform implementation: [org.hibernate.engine.transaction.jta.platform.internal.NoJtaPlatform]
line:44 - [INFO][2020-12-13 17:42:29] org.hibernate.Version: - HHH000412: Hibernate ORM core version 5.4.22.Final
line:49 - [INFO][2020-12-13 17:42:30] org.hibernate.annotations.common.Version: - HCANN000001: Hibernate Commons Annotations {5.1.0.Final}
line:115 - [INFO][2020-12-13 17:42:30] org.hibernate.orm.connections.pooling: - HHH10001005: using driver [org.postgresql.Driver] at URL [jdbc:postgresql://localhost:5432/people_db_hibernate]
line:124 - [INFO][2020-12-13 17:42:30] org.hibernate.orm.connections.pooling: - HHH10001001: Connection properties: {password=****, user=artem}
line:129 - [INFO][2020-12-13 17:42:30] org.hibernate.orm.connections.pooling: - HHH10001003: Autocommit mode: false
line:249 - [INFO][2020-12-13 17:42:30] engine.jdbc.connections.internal.DriverManagerConnectionProviderImpl: - HHH000115: Hibernate connection pool size: 100 (min=1)
line:170 - [INFO][2020-12-13 17:42:30] org.hibernate.dialect.Dialect: - HHH000400: Using dialect: org.hibernate.dialect.PostgreSQL10Dialect
line:52 - [INFO][2020-12-13 17:42:31] transaction.jta.platform.internal.JtaPlatformInitiator: - HHH000490: Using JtaPlatform implementation: [org.hibernate.engine.transaction.jta.platform.internal.NoJtaPlatform]
